<?xml version="1.0" encoding="UTF-8"?>
<!-- Generated by org.testng.reporters.JUnitXMLReporter -->
<testsuite hostname="Dell-PC" name="Test" tests="7" failures="0" timestamp="23 Mar 2019 10:52:44 GMT" time="120.512" errors="0">
  <testcase name="main" time="20.265" classname="com.facebook.testcase.TC02_ValidationOfStaticCharacterWise"/>
  <testcase name="Pass__input_text_disclaimer" time="0.003" classname="com.facebook.testcase.TC02_ValidationOfStaticCharacterWise"/>
  <testcase name="Verify_disclaimer_text" time="10.121" classname="com.facebook.testcase.TC02_ValidationOfStaticCharacterWise"/>
  <testcase name="Pass__input_text_birthday" time="0.002" classname="com.facebook.testcase.TC02_ValidationOfStaticCharacterWise"/>
  <testcase name="Verify_birthday_text" time="10.206" classname="com.facebook.testcase.TC02_ValidationOfStaticCharacterWise"/>
  <testcase name="Pass__input_text_bottom" time="0.009" classname="com.facebook.testcase.TC02_ValidationOfStaticCharacterWise"/>
  <testcase name="Verify_bbottom_text" time="10.211" classname="com.facebook.testcase.TC02_ValidationOfStaticCharacterWise"/>
</testsuite> <!-- Test -->
