<?xml version="1.0" encoding="UTF-8"?>
<!-- Generated by org.testng.reporters.JUnitXMLReporter -->
<testsuite hostname="Dell-PC" name="Test" tests="2" failures="1" timestamp="25 Mar 2019 19:51:44 GMT" time="25.465" errors="0">
  <testcase name="googleTitleTest" time="0.034" classname="TestNgConcept.Assert">
    <failure type="java.lang.AssertionError" message="itle is not matched expected [Google123] but found [Google]">
      <![CDATA[java.lang.AssertionError: itle is not matched expected [Google123] but found [Google]
	at TestNgConcept.Assert.googleTitleTest(Assert.java:43)
... Removed 28 stack frames]]>
    </failure>
  </testcase> <!-- googleTitleTest -->
  <testcase name="logoTest" time="0.125" classname="TestNgConcept.Assert"/>
</testsuite> <!-- Test -->
