<?xml version="1.0" encoding="UTF-8"?><testsuite failures="0" name="cucumber.runtime.formatter.JUnitFormatter" skipped="0" tests="3" time="0.217539">
<testcase classname="test tagged hooks" name="This is first test" time="0.207589">
<system-out><![CDATA[Given this is test first step...............................................passed
When this is test second step...............................................passed
Then this is test third step................................................passed
]]></system-out>
</testcase>
<testcase classname="test tagged hooks" name="This is Second test" time="0.007321">
<system-out><![CDATA[Given this is test first step...............................................passed
When this is test second step...............................................passed
Then this is test third step................................................passed
]]></system-out>
</testcase>
<testcase classname="test tagged hooks" name="This is Third test" time="0.002629">
<system-out><![CDATA[Given this is test first step...............................................passed
When this is test second step...............................................passed
Then this is test third step................................................passed
]]></system-out>
</testcase>
</testsuite>
